Arguments: 
  /Users/leal/.nvm/versions/node/v11.12.0/bin/node /usr/local/Cellar/yarn/1.12.3/libexec/bin/yarn.js add -D @babel/core @babel/preset-env @babel/plugin-proposal-class-properties @babel/preset-react babel-eslint babel-loader @css-loader eslint node-sass sass-loader style-loader webpack

PATH: 
  /usr/local/bin:/usr/bin:/bin:/usr/sbin:/sbin:/usr/local/share/dotnet:~/.dotnet/tools:/Users/leal/.nvm/versions/node/v11.12.0/bin

Yarn version: 
  1.12.3

Node version: 
  11.12.0

Platform: 
  darwin x64

Trace: 
  Error: https://registry.yarnpkg.com/@css-loader: Request "https://registry.yarnpkg.com/@css-loader" returned a 405
      at Request.params.callback [as _callback] (/usr/local/Cellar/yarn/1.12.3/libexec/lib/cli.js:65903:18)
      at Request.self.callback (/usr/local/Cellar/yarn/1.12.3/libexec/lib/cli.js:129018:22)
      at Request.emit (events.js:197:13)
      at Request.<anonymous> (/usr/local/Cellar/yarn/1.12.3/libexec/lib/cli.js:129990:10)
      at Request.emit (events.js:197:13)
      at IncomingMessage.<anonymous> (/usr/local/Cellar/yarn/1.12.3/libexec/lib/cli.js:129912:12)
      at Object.onceWrapper (events.js:285:20)
      at IncomingMessage.emit (events.js:202:15)
      at endReadableNT (_stream_readable.js:1132:12)
      at processTicksAndRejections (internal/process/next_tick.js:76:17)

npm manifest: 
  {
    "name": "goreact-desafio1",
    "version": "1.0.0",
    "main": "index.js",
    "license": "MIT"
  }

yarn manifest: 
  No manifest

Lockfile: 
  No lockfile
